<?xml version="1.0" encoding="UTF-8"?>
<!-- Generated by org.testng.reporters.JUnitXMLReporter -->
<testsuite ignored="0" hostname="Mac" failures="0" tests="0" name="Surefire test" time="0.205" errors="0" timestamp="2025-05-09T20:17:02 BRT">
  <testcase classname="io.cucumber.testng.AbstractTestNGCucumberTests" name="@BeforeClass setUpClass" time="0.193">
    <failure type="io.cucumber.java.InvalidMethodException" message="You&amp;apos;re not allowed to extend classes that define Step Definitions or hooks. class steps.GetUsersSteps extends class steps.BaseSteps">
      <![CDATA[io.cucumber.java.InvalidMethodException: You're not allowed to extend classes that define Step Definitions or hooks. class steps.GetUsersSteps extends class steps.BaseSteps
at io.cucumber.java.InvalidMethodException.createInvalidMethodException(InvalidMethodException.java:16)
at io.cucumber.java.MethodScanner.validateMethod(MethodScanner.java:87)
at io.cucumber.java.MethodScanner.scan(MethodScanner.java:77)
at io.cucumber.java.MethodScanner.scan(MethodScanner.java:69)
at io.cucumber.java.MethodScanner.scan(MethodScanner.java:33)
at io.cucumber.java.JavaBackend.lambda$loadGlue$2(JavaBackend.java:41)
at java.base/java.util.stream.ForEachOps$ForEachOp$OfRef.accept(ForEachOps.java:183)
at java.base/java.util.stream.DistinctOps$1$2.accept(DistinctOps.java:175)
at java.base/java.util.ArrayList$ArrayListSpliterator.forEachRemaining(ArrayList.java:1655)
at java.base/java.util.stream.ReferencePipeline$Head.forEach(ReferencePipeline.java:658)
at java.base/java.util.stream.ReferencePipeline$7$1.accept(ReferencePipeline.java:274)
at java.base/java.util.stream.ReferencePipeline$3$1.accept(ReferencePipeline.java:195)
at java.base/java.util.stream.ReferencePipeline$3$1.accept(ReferencePipeline.java:195)
at java.base/java.util.stream.ReferencePipeline$2$1.accept(ReferencePipeline.java:177)
at java.base/java.util.ArrayList$ArrayListSpliterator.forEachRemaining(ArrayList.java:1655)
at java.base/java.util.stream.AbstractPipeline.copyInto(AbstractPipeline.java:484)
at java.base/java.util.stream.AbstractPipeline.wrapAndCopyInto(AbstractPipeline.java:474)
at java.base/java.util.stream.ForEachOps$ForEachOp.evaluateSequential(ForEachOps.java:150)
at java.base/java.util.stream.ForEachOps$ForEachOp$OfRef.evaluateSequential(ForEachOps.java:173)
at java.base/java.util.stream.AbstractPipeline.evaluate(AbstractPipeline.java:234)
at java.base/java.util.stream.ReferencePipeline.forEach(ReferencePipeline.java:497)
at io.cucumber.java.JavaBackend.loadGlue(JavaBackend.java:41)
at io.cucumber.core.runner.Runner.<init>(Runner.java:56)
at io.cucumber.core.runtime.ThreadLocalRunnerSupplier.createRunner(ThreadLocalRunnerSupplier.java:47)
at java.base/java.lang.ThreadLocal$SuppliedThreadLocal.initialValue(ThreadLocal.java:305)
at java.base/java.lang.ThreadLocal.setInitialValue(ThreadLocal.java:195)
at java.base/java.lang.ThreadLocal.get(ThreadLocal.java:172)
at io.cucumber.core.runtime.ThreadLocalRunnerSupplier.get(ThreadLocalRunnerSupplier.java:40)
at io.cucumber.core.runtime.RethrowingThrowableCollector.executeAndThrow(RethrowingThrowableCollector.java:35)
at io.cucumber.core.runtime.CucumberExecutionContext.getRunner(CucumberExecutionContext.java:141)
at io.cucumber.core.runtime.CucumberExecutionContext.runBeforeAllHooks(CucumberExecutionContext.java:93)
at io.cucumber.testng.TestNGCucumberRunner.<init>(TestNGCucumberRunner.java:124)
at io.cucumber.testng.AbstractTestNGCucumberTests.setUpClass(AbstractTestNGCucumberTests.java:27)
at java.base/java.util.ArrayList.forEach(ArrayList.java:1541)
... Removed 30 stack frames]]>
    </failure>
  </testcase> <!-- @BeforeClass setUpClass -->
</testsuite> <!-- Surefire test -->
